<?xml version="1.0" encoding="UTF-8"?>
<!-- Generated by org.testng.reporters.JUnitXMLReporter -->
<testsuite ignored="0" hostname="DESKTOP-4175911" failures="1" tests="1" name="TestFour" time="11.96" errors="0" timestamp="2022-04-28T22:38:35 IST">
  <testcase classname="demo.framework.test.FourTest" name="fourtest" time="7.488">
    <failure type="java.lang.AssertionError" message="expected [true] but found [false]">
      <![CDATA[java.lang.AssertionError: expected [true] but found [false]
at demo.framework.test.FourTest.fourtest(FourTest.java:22)
at java.base/java.util.ArrayList.forEach(ArrayList.java:1511)
... Removed 31 stack frames]]>
    </failure>
  </testcase> <!-- fourtest -->
</testsuite> <!-- TestFour -->
