<?xml version="1.0" encoding="UTF-8"?>
<!-- Generated by org.testng.reporters.JUnitXMLReporter -->
<testsuite ignored="0" hostname="DESKTOP-4175911" failures="0" tests="5" name="Test" time="55.524" errors="0" timestamp="2022-04-28T19:47:41 IST">
  <testcase classname="demo.framework.test.TwoTest" name="testtwo" time="12.167"/>
  <testcase classname="demo.framework.test.FourTest" name="fourtest" time="12.113"/>
  <testcase classname="demo.framework.test.ThreeTest" name="threeTest" time="13.367"/>
  <testcase classname="demo.framework.test.LogicTest" name="login" time="1.407"/>
  <testcase classname="demo.framework.test.LogicTest" name="login" time="6.108"/>
</testsuite> <!-- Test -->
