<?xml version="1.0" encoding="UTF-8"?>
<!-- Generated by org.testng.reporters.JUnitXMLReporter -->
<testsuite ignored="0" hostname="DESKTOP-4175911" failures="0" tests="5" name="Test" time="34.543" errors="0" timestamp="2022-04-27T18:24:30 IST">
  <testcase classname="demo.framework.test.TwoTest" name="testtwo" time="0.011"/>
  <testcase classname="demo.framework.test.FourTest" name="fourtest" time="0.001"/>
  <testcase classname="demo.framework.test.ThreeTest" name="threeTest" time="0.0"/>
  <testcase classname="demo.framework.test.LogicTest" name="login" time="1.445"/>
  <testcase classname="demo.framework.test.LogicTest" name="login" time="11.22"/>
</testsuite> <!-- Test -->
